{"type":"server-started","port":52058,"host":"127.0.0.1","url_host":"localhost","url":"http://localhost:52058","screen_dir":"/Users/abhishek/thatguyabhishek/.superpowers/brainstorm/67275-1776254037/content","state_dir":"/Users/abhishek/thatguyabhishek/.superpowers/brainstorm/67275-1776254037/state"}
{"type":"screen-added","file":"/Users/abhishek/thatguyabhishek/.superpowers/brainstorm/67275-1776254037/content/toc-depth.html"}
{"source":"user-event","type":"click","text":"A\n    \n      Top-level only (H2s)\n      Just major sections — clean, minimal sidebar. Best for shorter articles. No nesting.","choice":"h1-only","id":null,"timestamp":1776254491987}
{"source":"user-event","type":"click","text":"A\n    \n      Top-level only (H2s)\n      Just major sections — clean, minimal sidebar. Best for shorter articles. No nesting.","choice":"h1-only","id":null,"timestamp":1776254493184}
{"source":"user-event","type":"click","text":"A\n    \n      Top-level only (H2s)\n      Just major sections — clean, minimal sidebar. Best for shorter articles. No nesting.","choice":"h1-only","id":null,"timestamp":1776254559952}
{"type":"screen-added","file":"/Users/abhishek/thatguyabhishek/.superpowers/brainstorm/67275-1776254037/content/desktop-sidebar-style.html"}
{"source":"user-event","type":"click","text":"C\n    \n      Minimal dots, expands on hover\n      Shows only small progress dots by default. Hovering reveals the full sidebar with section labels. Very subtle — barely there unless you need it.","choice":"hover-reveal","id":null,"timestamp":1776254705139}
{"source":"user-event","type":"click","text":"B\n    \n      Appears after scrolling past the header\n      Hidden initially — fades in once you scroll past the article title. Keeps the hero clean, then guides you through the body. Disappears when you reach the footer.","choice":"appears-on-scroll","id":null,"timestamp":1776254708937}
{"source":"user-event","type":"click","text":"A\n    \n      Always visible, fixed\n      Sidebar is present from the moment the article loads. Fixed position, scrolls with you. Active section highlights as you read. Clean and persistent — like linear.app docs or Notion's page outline.","choice":"always-visible","id":null,"timestamp":1776254710054}
{"source":"user-event","type":"click","text":"C\n    \n      Minimal dots, expands on hover\n      Shows only small progress dots by default. Hovering reveals the full sidebar with section labels. Very subtle — barely there unless you need it.","choice":"hover-reveal","id":null,"timestamp":1776254710863}
{"source":"user-event","type":"click","text":"B\n    \n      Appears after scrolling past the header\n      Hidden initially — fades in once you scroll past the article title. Keeps the hero clean, then guides you through the body. Disappears when you reach the footer.","choice":"appears-on-scroll","id":null,"timestamp":1776254720763}
{"type":"screen-added","file":"/Users/abhishek/thatguyabhishek/.superpowers/brainstorm/67275-1776254037/content/mobile-bar-style.html"}
{"source":"user-event","type":"click","text":"A\n    \n      Current section only\n      Shows just the active heading label + a subtle reading progress bar underneath. Tapping it opens a slide-up sheet with all sections listed — tap any to jump.\n      \n        ◉ The Core Problem\n        tap to navigate ↑","choice":"current-section","id":null,"timestamp":1776254829809}
{"source":"user-event","type":"click","text":"A\n    \n      Current section only\n      Shows just the active heading label + a subtle reading progress bar underneath. Tapping it opens a slide-up sheet with all sections listed — tap any to jump.\n      \n        ◉ The Core Problem\n        tap to navigate ↑","choice":"current-section","id":null,"timestamp":1776254830708}
{"source":"user-event","type":"click","text":"C\n    \n      Progress bar + section label only\n      Minimal — a thin progress bar at top of the bar, current section name below it. No navigation affordance. Pure ambient reading indicator, no interaction.\n      \n        \n          \n        \n        The Core Problem","choice":"progress-only","id":null,"timestamp":1776254856995}
{"type":"screen-added","file":"/Users/abhishek/thatguyabhishek/.superpowers/brainstorm/67275-1776254037/content/waiting.html"}
{"type":"screen-added","file":"/Users/abhishek/thatguyabhishek/.superpowers/brainstorm/67275-1776254037/content/design-desktop.html"}
{"type":"screen-added","file":"/Users/abhishek/thatguyabhishek/.superpowers/brainstorm/67275-1776254037/content/design-mobile.html"}
{"type":"screen-added","file":"/Users/abhishek/thatguyabhishek/.superpowers/brainstorm/67275-1776254037/content/design-mobile-v2.html"}
{"type":"screen-updated","file":"/Users/abhishek/thatguyabhishek/.superpowers/brainstorm/67275-1776254037/content/waiting.html"}
{"type":"server-stopped","reason":"idle timeout"}
